<?xml version="1.0" encoding="UTF-8"?>
<!-- Generated by org.testng.reporters.JUnitXMLReporter -->
<testsuite hostname="Naresh" ignored="0" name="Firefox Test" tests="2" failures="0" timestamp="18 Feb 2019 14:54:41 GMT" time="68.146" errors="0">
  <testcase name="@BeforeMethod browserlaunch" time="67.57" classname="com.infosys.MYUHCapplication.basetest.BaseTest">
    <failure type="org.openqa.selenium.WebDriverException" message="connection refused
Build info: version: &amp;apos;3.141.59&amp;apos;, revision: &amp;apos;e82be7d358&amp;apos;, time: &amp;apos;2018-11-14T08:17:03&amp;apos;
System info: host: &amp;apos;NARESH&amp;apos;, ip: &amp;apos;192.168.1.4&amp;apos;, os.name: &amp;apos;Windows 7&amp;apos;, os.arch: &amp;apos;x86&amp;apos;, os.version: &amp;apos;6.1&amp;apos;, java.version: &amp;apos;1.8.0_191&amp;apos;
Driver info: driver.version: FirefoxDriver
remote stacktrace: ">
      <![CDATA[org.openqa.selenium.WebDriverException: connection refused
Build info: version: '3.141.59', revision: 'e82be7d358', time: '2018-11-14T08:17:03'
System info: host: 'NARESH', ip: '192.168.1.4', os.name: 'Windows 7', os.arch: 'x86', os.version: '6.1', java.version: '1.8.0_191'
Driver info: driver.version: FirefoxDriver
remote stacktrace: 
at org.openqa.selenium.remote.W3CHandshakeResponse.lambda$errorHandler$0(W3CHandshakeResponse.java:62)
at org.openqa.selenium.remote.HandshakeResponse.lambda$getResponseFunction$0(HandshakeResponse.java:30)
at org.openqa.selenium.remote.ProtocolHandshake.lambda$createSession$0(ProtocolHandshake.java:126)
at java.util.stream.ReferencePipeline$3$1.accept(Unknown Source)
at java.util.Spliterators$ArraySpliterator.tryAdvance(Unknown Source)
at java.util.stream.ReferencePipeline.forEachWithCancel(Unknown Source)
at java.util.stream.AbstractPipeline.copyIntoWithCancel(Unknown Source)
at java.util.stream.AbstractPipeline.copyInto(Unknown Source)
at java.util.stream.AbstractPipeline.wrapAndCopyInto(Unknown Source)
at java.util.stream.FindOps$FindOp.evaluateSequential(Unknown Source)
at java.util.stream.AbstractPipeline.evaluate(Unknown Source)
at java.util.stream.ReferencePipeline.findFirst(Unknown Source)
at org.openqa.selenium.remote.ProtocolHandshake.createSession(ProtocolHandshake.java:128)
at org.openqa.selenium.remote.ProtocolHandshake.createSession(ProtocolHandshake.java:74)
at org.openqa.selenium.remote.HttpCommandExecutor.execute(HttpCommandExecutor.java:136)
at org.openqa.selenium.remote.service.DriverCommandExecutor.execute(DriverCommandExecutor.java:83)
at org.openqa.selenium.remote.RemoteWebDriver.execute(RemoteWebDriver.java:552)
at org.openqa.selenium.remote.RemoteWebDriver.startSession(RemoteWebDriver.java:213)
at org.openqa.selenium.remote.RemoteWebDriver.<init>(RemoteWebDriver.java:131)
at org.openqa.selenium.firefox.FirefoxDriver.<init>(FirefoxDriver.java:147)
at org.openqa.selenium.firefox.FirefoxDriver.<init>(FirefoxDriver.java:125)
at com.infosys.MYUHCapplication.browserfactory.DriverFactory.browserOpen(DriverFactory.java:41)
at com.infosys.MYUHCapplication.basetest.BaseTest.browserlaunch(BaseTest.java:40)
... Removed 32 stack frames]]>
    </failure>
  </testcase> <!-- @BeforeMethod browserlaunch -->
  <testcase name="@AfterMethod browserclose" time="0.0" classname="com.infosys.MYUHCapplication.basetest.BaseTest">
    <skipped/>
  </testcase> <!-- @AfterMethod browserclose -->
  <testcase name="@BeforeMethod browserlaunch" time="0.0" classname="com.infosys.MYUHCapplication.basetest.BaseTest">
    <skipped/>
  </testcase> <!-- @BeforeMethod browserlaunch -->
  <testcase name="@AfterMethod browserclose" time="0.0" classname="com.infosys.MYUHCapplication.basetest.BaseTest">
    <skipped/>
  </testcase> <!-- @AfterMethod browserclose -->
  <testcase name="SecondTestcase" time="0.0" classname="com.infosys.MYUHCapplication.basetest.BaseTest">
    <skipped/>
  </testcase> <!-- SecondTestcase -->
  <testcase name="firstTestcase" time="0.0" classname="com.infosys.MYUHCapplication.basetest.BaseTest">
    <skipped/>
  </testcase> <!-- firstTestcase -->
</testsuite> <!-- Firefox Test -->
