<?xml version="1.0" encoding="UTF-8"?>
<!-- Generated by org.testng.reporters.JUnitXMLReporter -->
<testsuite hostname="Naresh" ignored="3" name="Test" tests="1" failures="1" timestamp="22 Feb 2019 15:10:10 GMT" time="265.238" errors="0">
  <testcase name="thirdTestcase" time="242.572" classname="com.infosys.MYUHCapplication.basetest.BaseTest">
    <failure type="java.lang.AssertionError" message="null">
      <![CDATA[java.lang.AssertionError: null
at com.infosys.MYUHCapplication.pageobjects.PageCreatePost.EnterTextinCreatePostBox(PageCreatePost.java:62)
at com.infosys.MYUHCapplication.basetest.BaseTest.thirdTestcase(BaseTest.java:63)
... Removed 27 stack frames]]>
    </failure>
  </testcase> <!-- thirdTestcase -->
  <testcase name="firstTestcase" time="0.0" classname="com.infosys.MYUHCapplication.basetest.BaseTest">
    <ignored/>
  </testcase> <!-- firstTestcase -->
  <testcase name="SecondTestcase" time="0.0" classname="com.infosys.MYUHCapplication.basetest.BaseTest">
    <ignored/>
  </testcase> <!-- SecondTestcase -->
  <testcase name="fourthcase" time="0.0" classname="com.infosys.MYUHCapplication.basetest.BaseTest">
    <ignored/>
  </testcase> <!-- fourthcase -->
</testsuite> <!-- Test -->
